#
# There is insufficient memory for the Java Runtime Environment to continue.
# Native memory allocation (mmap) failed to map 28311552 bytes for Failed to commit area from 0x0000000084f00000 to 0x0000000086a00000 of length 28311552.
# Possible reasons:
#   The system is out of physical RAM or swap space
#   The process is running with CompressedOops enabled, and the Java Heap may be blocking the growth of the native heap
# Possible solutions:
#   Reduce memory load on the system
#   Increase physical memory or swap space
#   Check if swap backing store is full
#   Decrease Java heap size (-Xmx/-Xms)
#   Decrease number of Java threads
#   Decrease Java thread stack sizes (-Xss)
#   Set larger code cache with -XX:ReservedCodeCacheSize=
#   JVM is running with Unscaled Compressed Oops mode in which the Java heap is
#     placed in the first 4GB address space. The Java Heap base address is the
#     maximum limit for the native heap growth. Please use -XX:HeapBaseMinAddress
#     to set the Java Heap base and to place the Java Heap above 4GB virtual address.
# This output file may be truncated or incomplete.
#
#  Out of Memory Error (./open/src/hotspot/os/windows/os_windows.cpp:3315), pid=19192, tid=18924
#
# JRE version: Java(TM) SE Runtime Environment (14.0.2+12) (build 14.0.2+12-46)
# Java VM: Java HotSpot(TM) 64-Bit Server VM (14.0.2+12-46, mixed mode, sharing, tiered, compressed oops, g1 gc, windows-amd64)
# No core dump will be written. Minidumps are not enabled by default on client versions of Windows
#

---------------  S U M M A R Y ------------

Command Line: -Dmaven.multiModuleProjectDirectory=D:\lera\GitHub\Travel-agency -Dmaven.home=C:\Program Files\JetBrains\IntelliJ IDEA 2021.1\plugins\maven\lib\maven3 -Dclassworlds.conf=C:\Program Files\JetBrains\IntelliJ IDEA 2021.1\plugins\maven\lib\maven3\bin\m2.conf -Dmaven.ext.class.path=C:\Program Files\JetBrains\IntelliJ IDEA 2021.1\plugins\maven\lib\maven-event-listener.jar -javaagent:C:\Program Files\JetBrains\IntelliJ IDEA 2021.1\lib\idea_rt.jar=2109:C:\Program Files\JetBrains\IntelliJ IDEA 2021.1\bin -Dfile.encoding=UTF-8 org.codehaus.classworlds.Launcher -Didea.version=2021.1.3 clean install

Host: Intel(R) Core(TM) i5-8250U CPU @ 1.60GHz, 8 cores, 7G,  Windows 10 , 64 bit Build 19041 (10.0.19041.1023)
Time: Tue Jul  6 00:23:00 2021 Беларусь (зима) elapsed time: 7 seconds (0d 0h 0m 7s)

---------------  T H R E A D  ---------------

Current thread (0x000002a513694000):  VMThread "VM Thread" [stack: 0x000000d100500000,0x000000d100600000] [id=18924]

Stack: [0x000000d100500000,0x000000d100600000]
[error occurred during error reporting (printing stack bounds), id 0xc0000005, EXCEPTION_ACCESS_VIOLATION (0xc0000005) at pc=0x000002a5000010ad]

Native frames: (J=compiled Java code, j=interpreted, Vv=VM code, C=native code)
V  [jvm.dll+0x5f8a9a]
V  [jvm.dll+0x74247a]
V  [jvm.dll+0x743c2f]
V  [jvm.dll+0x7441d5]
V  [jvm.dll+0x74418b]
V  [jvm.dll+0x5f7f6f]
V  [jvm.dll+0x5f8738]
C  [ntdll.dll+0xa217f]
C  [ntdll.dll+0x51454]
C  [ntdll.dll+0xa0cae]
C  0x000002a5000010ad

VM_Operation (0x000000d1001ffab0): G1Concurrent, mode: safepoint, requested by thread 0x000002a5725f6000


---------------  P R O C E S S  ---------------

Threads class SMR info:
_java_thread_list=0x000002a518bd3f30, length=20, elements={
0x000002a5725a2800, 0x000002a513695000, 0x000002a513696000, 0x000002a5136b5800,
0x000002a5136b9000, 0x000002a5136bb000, 0x000002a5136c4000, 0x000002a5136d1000,
0x000002a5136d3000, 0x000002a513679800, 0x000002a51419c800, 0x000002a51419d800,
0x000002a515b01000, 0x000002a51580d800, 0x000002a519cc2000, 0x000002a51868e800,
0x000002a51756a000, 0x000002a519ba4800, 0x000002a515b7d800, 0x000002a51afe1800
}

Java Threads: ( => current thread )
  0x000002a5725a2800 JavaThread "main" [_thread_blocked, id=22144, stack(0x000000d17ff00000,0x000000d180000000)]
  0x000002a513695000 JavaThread "Reference Handler" daemon [_thread_blocked, id=5176, stack(0x000000d100600000,0x000000d100700000)]
  0x000002a513696000 JavaThread "Finalizer" daemon [_thread_blocked, id=24780, stack(0x000000d100700000,0x000000d100800000)]
  0x000002a5136b5800 JavaThread "Signal Dispatcher" daemon [_thread_blocked, id=21400, stack(0x000000d100800000,0x000000d100900000)]
  0x000002a5136b9000 JavaThread "Attach Listener" daemon [_thread_blocked, id=20500, stack(0x000000d100900000,0x000000d100a00000)]
  0x000002a5136bb000 JavaThread "Service Thread" daemon [_thread_blocked, id=10132, stack(0x000000d100a00000,0x000000d100b00000)]
  0x000002a5136c4000 JavaThread "C2 CompilerThread0" daemon [_thread_blocked, id=14932, stack(0x000000d100b00000,0x000000d100c00000)]
  0x000002a5136d1000 JavaThread "C1 CompilerThread0" daemon [_thread_blocked, id=272, stack(0x000000d100c00000,0x000000d100d00000)]
  0x000002a5136d3000 JavaThread "Sweeper thread" daemon [_thread_blocked, id=1384, stack(0x000000d100d00000,0x000000d100e00000)]
  0x000002a513679800 JavaThread "Common-Cleaner" daemon [_thread_blocked, id=12664, stack(0x000000d100e00000,0x000000d100f00000)]
  0x000002a51419c800 JavaThread "Monitor Ctrl-Break" daemon [_thread_in_native, id=15740, stack(0x000000d101000000,0x000000d101100000)]
  0x000002a51419d800 JavaThread "Notification Thread" daemon [_thread_blocked, id=18852, stack(0x000000d101100000,0x000000d101200000)]
  0x000002a515b01000 JavaThread "pool-1-thread-1" [_thread_blocked, id=5384, stack(0x000000d101500000,0x000000d101600000)]
  0x000002a51580d800 JavaThread "pool-1-thread-2" [_thread_blocked, id=22000, stack(0x000000d101600000,0x000000d101700000)]
  0x000002a519cc2000 JavaThread "pool-1-thread-3" [_thread_blocked, id=10988, stack(0x000000d101700000,0x000000d101800000)]
  0x000002a51868e800 JavaThread "pool-1-thread-4" [_thread_blocked, id=7528, stack(0x000000d101800000,0x000000d101900000)]
  0x000002a51756a000 JavaThread "pool-1-thread-5" [_thread_blocked, id=18784, stack(0x000000d101900000,0x000000d101a00000)]
  0x000002a519ba4800 JavaThread "pool-1-thread-6" [_thread_blocked, id=2564, stack(0x000000d101a00000,0x000000d101b00000)]
  0x000002a515b7d800 JavaThread "pool-1-thread-7" [_thread_blocked, id=24248, stack(0x000000d101b00000,0x000000d101c00000)]
  0x000002a51afe1800 JavaThread "pool-1-thread-8" [_thread_blocked, id=24516, stack(0x000000d101c00000,0x000000d101d00000)]

Other Threads:
=>0x000002a513694000 VMThread "VM Thread" [stack: 0x000000d100500000,0x000000d100600000] [id=18924]
  0x000002a51419e800 WatcherThread [stack: 0x000000d101200000,0x000000d101300000] [id=19560]
  0x000002a5725e4800 GCTaskThread "GC Thread#0" [stack: 0x000000d100000000,0x000000d100100000] [id=19936]
  0x000002a514bf8800 GCTaskThread "GC Thread#1" [stack: 0x000000d101300000,0x000000d101400000] [id=12656]
  0x000002a514930800 GCTaskThread "GC Thread#2" [stack: 0x000000d101400000,0x000000d101500000] [id=8080]
  0x000002a5725f6000 ConcurrentGCThread "G1 Main Marker" [stack: 0x000000d100100000,0x000000d100200000] [id=20040]
  0x000002a5725f8000 ConcurrentGCThread "G1 Conc#0" [stack: 0x000000d100200000,0x000000d100300000] [id=17744]
  0x000002a515e8c800 ConcurrentGCThread "G1 Conc#1" [stack: 0x000000d100f00000,0x000000d101000000] [id=14088]
  0x000002a513510800 ConcurrentGCThread "G1 Refine#0" [stack: 0x000000d100300000,0x000000d100400000] [id=23980]
  0x000002a513511800 ConcurrentGCThread "G1 Young RemSet Sampling" [stack: 0x000000d100400000,0x000000d100500000] [id=13792]

Threads with active compile tasks:
C1 CompilerThread0     7470 6872       3       java.lang.Math::floorDiv (7 bytes)

VM state:at safepoint (normal execution)

VM Mutex/Monitor currently owned by a thread:  ([mutex/lock_event])
[0x000002a57259c540] Threads_lock - owner thread: 0x000002a513694000
[0x000002a57259ced0] Heap_lock - owner thread: 0x000002a5725f6000

Heap address: 0x0000000081c00000, size: 2020 MB, Compressed Oops mode: 32-bit
Narrow klass base: 0x0000000800000000, Narrow klass shift: 3
Compressed class space size: 1073741824 Address: 0x0000000800b30000

Heap:
 garbage-first heap   total 87040K, used 50375K [0x0000000081c00000, 0x0000000100000000)
  region size 1024K, 4 young (4096K), 2 survivors (2048K)
 Metaspace       used 29491K, capacity 30403K, committed 30588K, reserved 1077248K
  class space    used 3250K, capacity 3555K, committed 3708K, reserved 1048576K
Heap Regions: E=young(eden), S=young(survivor), O=old, HS=humongous(starts), HC=humongous(continues), CS=collection set, F=free, OA=open archive, CA=closed archive, TAMS=top-at-mark-start (previous, next)
|   0|0x0000000081c00000, 0x0000000081d00000, 0x0000000081d00000|100%| O|  |TAMS 0x0000000081d00000, 0x0000000081c00000| Updating 
|   1|0x0000000081d00000, 0x0000000081e00000, 0x0000000081e00000|100%| O|  |TAMS 0x0000000081e00000, 0x0000000081d00000| Updating 
|   2|0x0000000081e00000, 0x0000000081f00000, 0x0000000081f00000|100%| O|  |TAMS 0x0000000081f00000, 0x0000000081e00000| Updating 
|   3|0x0000000081f00000, 0x0000000082000000, 0x0000000082000000|100%| O|  |TAMS 0x0000000082000000, 0x0000000081f00000| Updating 
|   4|0x0000000082000000, 0x00000000820d4600, 0x0000000082100000| 82%| O|  |TAMS 0x00000000820d4600, 0x0000000082000000| Updating 
|   5|0x0000000082100000, 0x0000000082200000, 0x0000000082200000|100%| O|  |TAMS 0x0000000082200000, 0x0000000082100000| Updating 
|   6|0x0000000082200000, 0x0000000082300000, 0x0000000082300000|100%| O|  |TAMS 0x0000000082300000, 0x0000000082200000| Updating 
|   7|0x0000000082300000, 0x0000000082400000, 0x0000000082400000|100%| O|  |TAMS 0x0000000082400000, 0x0000000082300000| Updating 
|   8|0x0000000082400000, 0x0000000082500000, 0x0000000082500000|100%| O|  |TAMS 0x0000000082500000, 0x0000000082400000| Updating 
|   9|0x0000000082500000, 0x0000000082600000, 0x0000000082600000|100%| O|  |TAMS 0x0000000082600000, 0x0000000082500000| Updating 
|  10|0x0000000082600000, 0x0000000082700000, 0x0000000082700000|100%| O|  |TAMS 0x0000000082700000, 0x0000000082600000| Updating 
|  11|0x0000000082700000, 0x0000000082800000, 0x0000000082800000|100%| O|  |TAMS 0x0000000082800000, 0x0000000082700000| Updating 
|  12|0x0000000082800000, 0x0000000082900000, 0x0000000082900000|100%| O|  |TAMS 0x0000000082900000, 0x0000000082800000| Updating 
|  13|0x0000000082900000, 0x0000000082a00000, 0x0000000082a00000|100%| O|  |TAMS 0x0000000082a00000, 0x0000000082900000| Updating 
|  14|0x0000000082a00000, 0x0000000082b00000, 0x0000000082b00000|100%| O|  |TAMS 0x0000000082b00000, 0x0000000082a00000| Updating 
|  15|0x0000000082b00000, 0x0000000082c00000, 0x0000000082c00000|100%| O|  |TAMS 0x0000000082c00000, 0x0000000082b00000| Updating 
|  16|0x0000000082c00000, 0x0000000082d00000, 0x0000000082d00000|100%| O|  |TAMS 0x0000000082d00000, 0x0000000082c00000| Updating 
|  17|0x0000000082d00000, 0x0000000082e00000, 0x0000000082e00000|100%| O|  |TAMS 0x0000000082e00000, 0x0000000082d00000| Updating 
|  18|0x0000000082e00000, 0x0000000082f00000, 0x0000000082f00000|100%| O|  |TAMS 0x0000000082f00000, 0x0000000082e00000| Updating 
|  19|0x0000000082f00000, 0x0000000083000000, 0x0000000083000000|100%| O|  |TAMS 0x0000000083000000, 0x0000000082f00000| Updating 
|  20|0x0000000083000000, 0x0000000083100000, 0x0000000083100000|100%| O|  |TAMS 0x00000000830d8400, 0x0000000083000000| Updating 
|  21|0x0000000083100000, 0x0000000083200000, 0x0000000083200000|100%|HS|  |TAMS 0x0000000083200000, 0x0000000083100000| Complete 
|  22|0x0000000083200000, 0x0000000083300000, 0x0000000083300000|100%|HC|  |TAMS 0x0000000083300000, 0x0000000083200000| Complete 
|  23|0x0000000083300000, 0x0000000083400000, 0x0000000083400000|100%|HS|  |TAMS 0x0000000083400000, 0x0000000083300000| Complete 
|  24|0x0000000083400000, 0x0000000083500000, 0x0000000083500000|100%|HC|  |TAMS 0x0000000083500000, 0x0000000083400000| Complete 
|  25|0x0000000083500000, 0x0000000083600000, 0x0000000083600000|100%| O|  |TAMS 0x0000000083500000, 0x0000000083500000| Untracked 
|  26|0x0000000083600000, 0x00000000836bb600, 0x0000000083700000| 73%| O|  |TAMS 0x0000000083600000, 0x0000000083600000| Updating 
|  27|0x0000000083700000, 0x0000000083800000, 0x0000000083800000|100%|HS|  |TAMS 0x0000000083700000, 0x0000000083700000| Complete 
|  28|0x0000000083800000, 0x0000000083900000, 0x0000000083900000|100%|HC|  |TAMS 0x0000000083800000, 0x0000000083800000| Complete 
|  29|0x0000000083900000, 0x0000000083a00000, 0x0000000083a00000|100%|HS|  |TAMS 0x0000000083900000, 0x0000000083900000| Complete 
|  30|0x0000000083a00000, 0x0000000083b00000, 0x0000000083b00000|100%|HC|  |TAMS 0x0000000083a00000, 0x0000000083a00000| Complete 
|  31|0x0000000083b00000, 0x0000000083c00000, 0x0000000083c00000|100%|HS|  |TAMS 0x0000000083b00000, 0x0000000083b00000| Complete 
|  32|0x0000000083c00000, 0x0000000083d00000, 0x0000000083d00000|100%|HC|  |TAMS 0x0000000083c00000, 0x0000000083c00000| Complete 
|  33|0x0000000083d00000, 0x0000000083e00000, 0x0000000083e00000|100%|HS|  |TAMS 0x0000000083d00000, 0x0000000083d00000| Complete 
|  34|0x0000000083e00000, 0x0000000083f00000, 0x0000000083f00000|100%|HC|  |TAMS 0x0000000083e00000, 0x0000000083e00000| Complete 
|  35|0x0000000083f00000, 0x0000000084000000, 0x0000000084000000|100%|HS|  |TAMS 0x0000000083f00000, 0x0000000083f00000| Complete 
|  36|0x0000000084000000, 0x0000000084100000, 0x0000000084100000|100%|HC|  |TAMS 0x0000000084000000, 0x0000000084000000| Complete 
|  37|0x0000000084100000, 0x0000000084200000, 0x0000000084200000|100%|HS|  |TAMS 0x0000000084100000, 0x0000000084100000| Complete 
|  38|0x0000000084200000, 0x0000000084300000, 0x0000000084300000|100%|HC|  |TAMS 0x0000000084200000, 0x0000000084200000| Complete 
|  39|0x0000000084300000, 0x0000000084400000, 0x0000000084400000|100%|HS|  |TAMS 0x0000000084300000, 0x0000000084300000| Complete 
|  40|0x0000000084400000, 0x0000000084500000, 0x0000000084500000|100%|HC|  |TAMS 0x0000000084400000, 0x0000000084400000| Complete 
|  41|0x0000000084500000, 0x0000000084600000, 0x0000000084600000|100%|HS|  |TAMS 0x0000000084500000, 0x0000000084500000| Complete 
|  42|0x0000000084600000, 0x0000000084700000, 0x0000000084700000|100%|HC|  |TAMS 0x0000000084600000, 0x0000000084600000| Complete 
|  43|0x0000000084700000, 0x0000000084800000, 0x0000000084800000|100%|HS|  |TAMS 0x0000000084700000, 0x0000000084700000| Complete 
|  44|0x0000000084800000, 0x0000000084900000, 0x0000000084900000|100%|HC|  |TAMS 0x0000000084800000, 0x0000000084800000| Complete 
|  45|0x0000000084900000, 0x0000000084900000, 0x0000000084a00000|  0%| F|  |TAMS 0x0000000084900000, 0x0000000084900000| Untracked 
|  46|0x0000000084a00000, 0x0000000084aa2150, 0x0000000084b00000| 63%| S|CS|TAMS 0x0000000084a00000, 0x0000000084a00000| Complete 
|  47|0x0000000084b00000, 0x0000000084c00000, 0x0000000084c00000|100%| S|CS|TAMS 0x0000000084b00000, 0x0000000084b00000| Complete 
|  48|0x0000000084c00000, 0x0000000084d00000, 0x0000000084d00000|100%|HS|  |TAMS 0x0000000084c00000, 0x0000000084c00000| Complete 
|  49|0x0000000084d00000, 0x0000000084e00000, 0x0000000084e00000|100%|HC|  |TAMS 0x0000000084d00000, 0x0000000084d00000| Complete 
|  50|0x0000000084e00000, 0x0000000084e00000, 0x0000000084f00000|  0%| F|  |TAMS 0x0000000084e00000, 0x0000000084e00000| Untracked 
| 102|0x0000000088200000, 0x0000000088200000, 0x0000000088300000|  0%| F|  |TAMS 0x0000000088200000, 0x0000000088200000| Untracked 
| 103|0x0000000088300000, 0x0000000088300000, 0x0000000088400000|  0%| F|  |TAMS 0x0000000088300000, 0x0000000088300000| Untracked 
| 104|0x0000000088400000, 0x0000000088400000, 0x0000000088500000|  0%| F|  |TAMS 0x0000000088400000, 0x0000000088400000| Untracked 
| 105|0x0000000088500000, 0x0000000088500000, 0x0000000088600000|  0%| F|  |TAMS 0x0000000088500000, 0x0000000088500000| Untracked 
| 106|0x0000000088600000, 0x0000000088600000, 0x0000000088700000|  0%| F|  |TAMS 0x0000000088600000, 0x0000000088600000| Untracked 
| 107|0x0000000088700000, 0x0000000088800000, 0x0000000088800000|100%| E|  |TAMS 0x0000000088700000, 0x0000000088700000| Complete 
| 127|0x0000000089b00000, 0x0000000089c00000, 0x0000000089c00000|100%| E|CS|TAMS 0x0000000089b00000, 0x0000000089b00000| Complete 

Card table byte_map: [0x000002a57d3c0000,0x000002a57d7c0000] _byte_map_base: 0x000002a57cfb2000

Marking Bits (Prev, Next): (CMBitMap*) 0x000002a5725e53d8, (CMBitMap*) 0x000002a5725e5418
 Prev Bits: [0x000002a57dbc0000, 0x000002a57fb50000)
 Next Bits: [0x000002a50f000000, 0x000002a510f90000)

Polling page: 0x000002a572440000

Metaspace:

Usage:
  Non-class:     26.22 MB capacity,    25.63 MB ( 98%) used,   542.05 KB (  2%) free+waste,    65.31 KB ( <1%) overhead. 
      Class:      3.47 MB capacity,     3.17 MB ( 91%) used,   275.54 KB (  8%) free+waste,    28.94 KB ( <1%) overhead. 
       Both:     29.69 MB capacity,    28.80 MB ( 97%) used,   817.59 KB (  3%) free+waste,    94.25 KB ( <1%) overhead. 

Virtual space:
  Non-class space:       28.00 MB reserved,      26.25 MB ( 94%) committed 
      Class space:        1.00 GB reserved,       3.62 MB ( <1%) committed 
             Both:        1.03 GB reserved,      29.87 MB (  3%) committed 

Chunk freelists:
   Non-Class:  32.00 KB
       Class:  29.00 KB
        Both:  61.00 KB

MaxMetaspaceSize: 17179869184.00 GB
CompressedClassSpaceSize: 1.00 GB

CodeHeap 'non-profiled nmethods': size=120000Kb used=3017Kb max_used=3269Kb free=116982Kb
 bounds [0x000002a507ad0000, 0x000002a507e20000, 0x000002a50f000000]
CodeHeap 'profiled nmethods': size=120000Kb used=13264Kb max_used=15242Kb free=106735Kb
 bounds [0x000002a5005a0000, 0x000002a501490000, 0x000002a507ad0000]
CodeHeap 'non-nmethods': size=5760Kb used=1253Kb max_used=1312Kb free=4506Kb
 bounds [0x000002a500000000, 0x000002a500270000, 0x000002a5005a0000]
 total_blobs=6547 nmethods=6019 adapters=440
 compilation: enabled
              stopped_count=0, restarted_count=0
 full_count=0

Compilation events (20 events):
Event: 7.402 Thread 0x000002a5136d1000 nmethod 6860 0x000002a507bf5810 code [0x000002a507bf59a0, 0x000002a507bf5a38]
Event: 7.402 Thread 0x000002a5136d1000 6861       1       java.time.Instant::getEpochSecond (5 bytes)
Event: 7.402 Thread 0x000002a5136d1000 nmethod 6861 0x000002a507bf5510 code [0x000002a507bf56a0, 0x000002a507bf5778]
Event: 7.402 Thread 0x000002a5136d1000 6862       1       org.apache.commons.compress.archivers.zip.ZipArchiveEntry::getMethod (5 bytes)
Event: 7.402 Thread 0x000002a5136d1000 nmethod 6862 0x000002a507bf5010 code [0x000002a507bf51a0, 0x000002a507bf5278]
Event: 7.402 Thread 0x000002a5136d1000 6863       1       org.codehaus.plexus.components.io.attributes.FileAttributes::getOctalMode (5 bytes)
Event: 7.402 Thread 0x000002a5136d1000 nmethod 6863 0x000002a507c18e10 code [0x000002a507c18fa0, 0x000002a507c19078]
Event: 7.403 Thread 0x000002a5136c4000 6864       4       java.time.temporal.ChronoField::checkValidValue (10 bytes)
Event: 7.404 Thread 0x000002a5136c4000 nmethod 6864 0x000002a507c18a10 code [0x000002a507c18bc0, 0x000002a507c18d18]
Event: 7.418 Thread 0x000002a5136d1000 6867       3       org.codehaus.plexus.archiver.AbstractArchiver$1::normalizedForDuplicateCheck (12 bytes)
Event: 7.419 Thread 0x000002a5136d1000 nmethod 6867 0x000002a500800e10 code [0x000002a500800fc0, 0x000002a500801148]
Event: 7.420 Thread 0x000002a5136d1000 6868       3       org.codehaus.plexus.components.io.resources.PlexusIoFileResource::isDirectory (8 bytes)
Event: 7.420 Thread 0x000002a5136d1000 nmethod 6868 0x000002a500932510 code [0x000002a5009326c0, 0x000002a5009328c8]
Event: 7.422 Thread 0x000002a5136d1000 6869       3       java.io.File::equals (30 bytes)
Event: 7.423 Thread 0x000002a5136d1000 nmethod 6869 0x000002a5007c8710 code [0x000002a5007c8900, 0x000002a5007c8f28]
Event: 7.423 Thread 0x000002a5136d1000 6870       3       java.io.File::compareTo (9 bytes)
Event: 7.424 Thread 0x000002a5136d1000 nmethod 6870 0x000002a5010feb90 code [0x000002a5010fed60, 0x000002a5010ff028]
Event: 7.429 Thread 0x000002a5136d1000 6871       3       org.apache.commons.compress.archivers.zip.ZipArchiveEntry::getName (19 bytes)
Event: 7.429 Thread 0x000002a5136d1000 nmethod 6871 0x000002a50082b990 code [0x000002a50082bb20, 0x000002a50082bcb8]
Event: 7.430 Thread 0x000002a5136d1000 6872       3       java.lang.Math::floorDiv (7 bytes)

GC Heap History (20 events):
Event: 3.045 GC heap before
{Heap before GC invocations=2 (full 0):
 garbage-first heap   total 131072K, used 80955K [0x0000000081c00000, 0x0000000100000000)
  region size 1024K, 76 young (77824K), 2 survivors (2048K)
 Metaspace       used 15167K, capacity 16013K, committed 16256K, reserved 1062912K
  class space    used 1714K, capacity 1892K, committed 1920K, reserved 1048576K
}
Event: 3.053 GC heap after
{Heap after GC invocations=3 (full 0):
 garbage-first heap   total 131072K, used 9112K [0x0000000081c00000, 0x0000000100000000)
  region size 1024K, 6 young (6144K), 6 survivors (6144K)
 Metaspace       used 15167K, capacity 16013K, committed 16256K, reserved 1062912K
  class space    used 1714K, capacity 1892K, committed 1920K, reserved 1048576K
}
Event: 3.722 GC heap before
{Heap before GC invocations=3 (full 0):
 garbage-first heap   total 131072K, used 28568K [0x0000000081c00000, 0x0000000100000000)
  region size 1024K, 26 young (26624K), 6 survivors (6144K)
 Metaspace       used 20646K, capacity 21204K, committed 21248K, reserved 1069056K
  class space    used 2385K, capacity 2540K, committed 2560K, reserved 1048576K
}
Event: 3.743 GC heap after
{Heap after GC invocations=4 (full 0):
 garbage-first heap   total 131072K, used 11089K [0x0000000081c00000, 0x0000000100000000)
  region size 1024K, 6 young (6144K), 6 survivors (6144K)
 Metaspace       used 20646K, capacity 21204K, committed 21248K, reserved 1069056K
  class space    used 2385K, capacity 2540K, committed 2560K, reserved 1048576K
}
Event: 4.185 GC heap before
{Heap before GC invocations=5 (full 0):
 garbage-first heap   total 40960K, used 29521K [0x0000000081c00000, 0x0000000100000000)
  region size 1024K, 24 young (24576K), 6 survivors (6144K)
 Metaspace       used 23866K, capacity 24548K, committed 24700K, reserved 1071104K
  class space    used 2720K, capacity 2917K, committed 2940K, reserved 1048576K
}
Event: 4.199 GC heap after
{Heap after GC invocations=6 (full 0):
 garbage-first heap   total 49152K, used 15025K [0x0000000081c00000, 0x0000000100000000)
  region size 1024K, 3 young (3072K), 3 survivors (3072K)
 Metaspace       used 23866K, capacity 24548K, committed 24700K, reserved 1071104K
  class space    used 2720K, capacity 2917K, committed 2940K, reserved 1048576K
}
Event: 4.376 GC heap before
{Heap before GC invocations=6 (full 0):
 garbage-first heap   total 49152K, used 34481K [0x0000000081c00000, 0x0000000100000000)
  region size 1024K, 22 young (22528K), 3 survivors (3072K)
 Metaspace       used 24369K, capacity 25085K, committed 25340K, reserved 1071104K
  class space    used 2751K, capacity 2942K, committed 3068K, reserved 1048576K
}
Event: 4.388 GC heap after
{Heap after GC invocations=7 (full 0):
 garbage-first heap   total 49152K, used 18762K [0x0000000081c00000, 0x0000000100000000)
  region size 1024K, 3 young (3072K), 3 survivors (3072K)
 Metaspace       used 24369K, capacity 25085K, committed 25340K, reserved 1071104K
  class space    used 2751K, capacity 2942K, committed 3068K, reserved 1048576K
}
Event: 4.728 GC heap before
{Heap before GC invocations=7 (full 0):
 garbage-first heap   total 49152K, used 35146K [0x0000000081c00000, 0x0000000100000000)
  region size 1024K, 19 young (19456K), 3 survivors (3072K)
 Metaspace       used 26085K, capacity 26871K, committed 27004K, reserved 1073152K
  class space    used 2936K, capacity 3172K, committed 3196K, reserved 1048576K
}
Event: 4.736 GC heap after
{Heap after GC invocations=8 (full 0):
 garbage-first heap   total 49152K, used 20852K [0x0000000081c00000, 0x0000000100000000)
  region size 1024K, 2 young (2048K), 2 survivors (2048K)
 Metaspace       used 26085K, capacity 26871K, committed 27004K, reserved 1073152K
  class space    used 2936K, capacity 3172K, committed 3196K, reserved 1048576K
}
Event: 5.111 GC heap before
{Heap before GC invocations=8 (full 0):
 garbage-first heap   total 49152K, used 36212K [0x0000000081c00000, 0x0000000100000000)
  region size 1024K, 17 young (17408K), 2 survivors (2048K)
 Metaspace       used 26697K, capacity 27464K, committed 27516K, reserved 1073152K
  class space    used 2940K, capacity 3173K, committed 3196K, reserved 1048576K
}
Event: 5.118 GC heap after
{Heap after GC invocations=9 (full 0):
 garbage-first heap   total 49152K, used 21385K [0x0000000081c00000, 0x0000000100000000)
  region size 1024K, 1 young (1024K), 1 survivors (1024K)
 Metaspace       used 26697K, capacity 27464K, committed 27516K, reserved 1073152K
  class space    used 2940K, capacity 3173K, committed 3196K, reserved 1048576K
}
Event: 5.446 GC heap before
{Heap before GC invocations=9 (full 0):
 garbage-first heap   total 49152K, used 36745K [0x0000000081c00000, 0x0000000100000000)
  region size 1024K, 16 young (16384K), 1 survivors (1024K)
 Metaspace       used 27120K, capacity 27935K, committed 28156K, reserved 1075200K
  class space    used 2970K, capacity 3240K, committed 3324K, reserved 1048576K
}
Event: 5.451 GC heap after
{Heap after GC invocations=10 (full 0):
 garbage-first heap   total 59392K, used 21989K [0x0000000081c00000, 0x0000000100000000)
  region size 1024K, 2 young (2048K), 2 survivors (2048K)
 Metaspace       used 27120K, capacity 27935K, committed 28156K, reserved 1075200K
  class space    used 2970K, capacity 3240K, committed 3324K, reserved 1048576K
}
Event: 5.800 GC heap before
{Heap before GC invocations=10 (full 0):
 garbage-first heap   total 59392K, used 44517K [0x0000000081c00000, 0x0000000100000000)
  region size 1024K, 24 young (24576K), 2 survivors (2048K)
 Metaspace       used 27490K, capacity 28330K, committed 28412K, reserved 1075200K
  class space    used 2982K, capacity 3243K, committed 3324K, reserved 1048576K
}
Event: 5.806 GC heap after
{Heap after GC invocations=11 (full 0):
 garbage-first heap   total 59392K, used 23394K [0x0000000081c00000, 0x0000000100000000)
  region size 1024K, 3 young (3072K), 3 survivors (3072K)
 Metaspace       used 27490K, capacity 28330K, committed 28412K, reserved 1075200K
  class space    used 2982K, capacity 3243K, committed 3324K, reserved 1048576K
}
Event: 6.238 GC heap before
{Heap before GC invocations=11 (full 0):
 garbage-first heap   total 59392K, used 45922K [0x0000000081c00000, 0x0000000100000000)
  region size 1024K, 25 young (25600K), 3 survivors (3072K)
 Metaspace       used 28851K, capacity 29788K, committed 29948K, reserved 1075200K
  class space    used 3178K, capacity 3457K, committed 3580K, reserved 1048576K
}
Event: 6.244 GC heap after
{Heap after GC invocations=12 (full 0):
 garbage-first heap   total 59392K, used 24242K [0x0000000081c00000, 0x0000000100000000)
  region size 1024K, 3 young (3072K), 3 survivors (3072K)
 Metaspace       used 28851K, capacity 29788K, committed 29948K, reserved 1075200K
  class space    used 3178K, capacity 3457K, committed 3580K, reserved 1048576K
}
Event: 7.363 GC heap before
{Heap before GC invocations=12 (full 0):
 garbage-first heap   total 59392K, used 37554K [0x0000000081c00000, 0x0000000100000000)
  region size 1024K, 13 young (13312K), 3 survivors (3072K)
 Metaspace       used 29338K, capacity 30211K, committed 30460K, reserved 1077248K
  class space    used 3228K, capacity 3491K, committed 3580K, reserved 1048576K
}
Event: 7.370 GC heap after
{Heap after GC invocations=13 (full 0):
 garbage-first heap   total 59392K, used 28871K [0x0000000081c00000, 0x0000000100000000)
  region size 1024K, 2 young (2048K), 2 survivors (2048K)
 Metaspace       used 29338K, capacity 30211K, committed 30460K, reserved 1077248K
  class space    used 3228K, capacity 3491K, committed 3580K, reserved 1048576K
}

Deoptimization events (20 events):
Event: 6.638 Thread 0x000002a5725a2800 DEOPT PACKING pc=0x000002a507d4cd98 sp=0x000000d17fffd900
Event: 6.638 Thread 0x000002a5725a2800 DEOPT UNPACKING pc=0x000002a50004912f sp=0x000000d17fffd840 mode 2
Event: 7.238 Thread 0x000002a5725a2800 Uncommon trap: trap_request=0xffffff45 fr.pc=0x000002a507da680c relative=0x000000000000078c
Event: 7.238 Thread 0x000002a5725a2800 Uncommon trap: reason=unstable_if action=reinterpret pc=0x000002a507da680c method=java.util.Properties$LineReader.readLine()I @ 464 c2
Event: 7.238 Thread 0x000002a5725a2800 DEOPT PACKING pc=0x000002a507da680c sp=0x000000d17fffdb80
Event: 7.238 Thread 0x000002a5725a2800 DEOPT UNPACKING pc=0x000002a50004912f sp=0x000000d17fffdad0 mode 2
Event: 7.246 Thread 0x000002a5725a2800 Uncommon trap: trap_request=0xffffffde fr.pc=0x000002a507b13228 relative=0x0000000000000be8
Event: 7.246 Thread 0x000002a5725a2800 Uncommon trap: reason=class_check action=maybe_recompile pc=0x000002a507b13228 method=jdk.internal.loader.URLClassPath.getLoader(I)Ljdk/internal/loader/URLClassPath$Loader; @ 88 c2
Event: 7.246 Thread 0x000002a5725a2800 DEOPT PACKING pc=0x000002a507b13228 sp=0x000000d17fffcdf0
Event: 7.246 Thread 0x000002a5725a2800 DEOPT UNPACKING pc=0x000002a50004912f sp=0x000000d17fffcdc0 mode 2
Event: 7.249 Thread 0x000002a5725a2800 Uncommon trap: trap_request=0xffffffde fr.pc=0x000002a507d9656c relative=0x00000000000002ac
Event: 7.249 Thread 0x000002a5725a2800 Uncommon trap: reason=class_check action=maybe_recompile pc=0x000002a507d9656c method=java.io.BufferedWriter.flushBuffer()V @ 34 c2
Event: 7.249 Thread 0x000002a5725a2800 DEOPT PACKING pc=0x000002a507d9656c sp=0x000000d17fffdab0
Event: 7.249 Thread 0x000002a5725a2800 DEOPT UNPACKING pc=0x000002a50004912f sp=0x000000d17fffda58 mode 2
Event: 7.249 Thread 0x000002a5725a2800 Uncommon trap: trap_request=0xffffffde fr.pc=0x000002a507c00490 relative=0x00000000000003f0
Event: 7.249 Thread 0x000002a5725a2800 Uncommon trap: reason=class_check action=maybe_recompile pc=0x000002a507c00490 method=sun.nio.cs.StreamEncoder.writeBytes()V @ 120 c2
Event: 7.249 Thread 0x000002a5725a2800 DEOPT PACKING pc=0x000002a507c00490 sp=0x000000d17fffd9b0
Event: 7.249 Thread 0x000002a5725a2800 DEOPT UNPACKING pc=0x000002a50004912f sp=0x000000d17fffd990 mode 2
Event: 7.414 Thread 0x000002a5725a2800 DEOPT PACKING pc=0x000002a5008f887f sp=0x000000d17fffd5e0
Event: 7.414 Thread 0x000002a5725a2800 DEOPT UNPACKING pc=0x000002a50004964e sp=0x000000d17fffca70 mode 3

Classes unloaded (0 events):
No events

Classes redefined (0 events):
No events

Internal exceptions (20 events):
Event: 7.197 Thread 0x000002a5725a2800 Exception <a 'sun/nio/fs/WindowsException'{0x00000000883d7290}> (0x00000000883d7290) 
thrown [./open/src/hotspot/share/prims/jni.cpp, line 599]
Event: 7.198 Thread 0x000002a5725a2800 Exception <a 'sun/nio/fs/WindowsException'{0x00000000883d7888}> (0x00000000883d7888) 
thrown [./open/src/hotspot/share/prims/jni.cpp, line 599]
Event: 7.200 Thread 0x000002a5725a2800 Exception <a 'sun/nio/fs/WindowsException'{0x00000000883ddf20}> (0x00000000883ddf20) 
thrown [./open/src/hotspot/share/prims/jni.cpp, line 599]
Event: 7.201 Thread 0x000002a5725a2800 Exception <a 'sun/nio/fs/WindowsException'{0x00000000883de500}> (0x00000000883de500) 
thrown [./open/src/hotspot/share/prims/jni.cpp, line 599]
Event: 7.203 Thread 0x000002a5725a2800 Exception <a 'sun/nio/fs/WindowsException'{0x00000000883e4670}> (0x00000000883e4670) 
thrown [./open/src/hotspot/share/prims/jni.cpp, line 599]
Event: 7.204 Thread 0x000002a5725a2800 Exception <a 'sun/nio/fs/WindowsException'{0x00000000883e4bc8}> (0x00000000883e4bc8) 
thrown [./open/src/hotspot/share/prims/jni.cpp, line 599]
Event: 7.205 Thread 0x000002a5725a2800 Exception <a 'sun/nio/fs/WindowsException'{0x00000000883e9de8}> (0x00000000883e9de8) 
thrown [./open/src/hotspot/share/prims/jni.cpp, line 599]
Event: 7.207 Thread 0x000002a5725a2800 Exception <a 'sun/nio/fs/WindowsException'{0x00000000883ea210}> (0x00000000883ea210) 
thrown [./open/src/hotspot/share/prims/jni.cpp, line 599]
Event: 7.208 Thread 0x000002a5725a2800 Exception <a 'sun/nio/fs/WindowsException'{0x00000000883ef318}> (0x00000000883ef318) 
thrown [./open/src/hotspot/share/prims/jni.cpp, line 599]
Event: 7.210 Thread 0x000002a5725a2800 Exception <a 'sun/nio/fs/WindowsException'{0x00000000883ef718}> (0x00000000883ef718) 
thrown [./open/src/hotspot/share/prims/jni.cpp, line 599]
Event: 7.211 Thread 0x000002a5725a2800 Exception <a 'sun/nio/fs/WindowsException'{0x00000000883f4880}> (0x00000000883f4880) 
thrown [./open/src/hotspot/share/prims/jni.cpp, line 599]
Event: 7.213 Thread 0x000002a5725a2800 Exception <a 'sun/nio/fs/WindowsException'{0x00000000883f4c98}> (0x00000000883f4c98) 
thrown [./open/src/hotspot/share/prims/jni.cpp, line 599]
Event: 7.215 Thread 0x000002a5725a2800 Exception <a 'sun/nio/fs/WindowsException'{0x00000000883f9e08}> (0x00000000883f9e08) 
thrown [./open/src/hotspot/share/prims/jni.cpp, line 599]
Event: 7.217 Thread 0x000002a5725a2800 Exception <a 'sun/nio/fs/WindowsException'{0x00000000883fa220}> (0x00000000883fa220) 
thrown [./open/src/hotspot/share/prims/jni.cpp, line 599]
Event: 7.218 Thread 0x000002a5725a2800 Exception <a 'sun/nio/fs/WindowsException'{0x00000000883ff328}> (0x00000000883ff328) 
thrown [./open/src/hotspot/share/prims/jni.cpp, line 599]
Event: 7.221 Thread 0x000002a5725a2800 Exception <a 'sun/nio/fs/WindowsException'{0x00000000883ff728}> (0x00000000883ff728) 
thrown [./open/src/hotspot/share/prims/jni.cpp, line 599]
Event: 7.227 Thread 0x000002a5725a2800 Exception <a 'sun/nio/fs/WindowsException'{0x0000000088279928}> (0x0000000088279928) 
thrown [./open/src/hotspot/share/prims/jni.cpp, line 599]
Event: 7.229 Thread 0x000002a5725a2800 Exception <a 'sun/nio/fs/WindowsException'{0x0000000088279db8}> (0x0000000088279db8) 
thrown [./open/src/hotspot/share/prims/jni.cpp, line 599]
Event: 7.231 Thread 0x000002a5725a2800 Exception <a 'sun/nio/fs/WindowsException'{0x0000000088280838}> (0x0000000088280838) 
thrown [./open/src/hotspot/share/prims/jni.cpp, line 599]
Event: 7.234 Thread 0x000002a5725a2800 Exception <a 'sun/nio/fs/WindowsException'{0x0000000088280c58}> (0x0000000088280c58) 
thrown [./open/src/hotspot/share/prims/jni.cpp, line 599]

Events (20 events):
Event: 7.410 Executing VM operation: HandshakeOneThread done
Event: 7.410 Thread 0x000002a51756a000 Thread added: 0x000002a51756a000
Event: 7.410 Executing VM operation: HandshakeOneThread
Event: 7.410 Executing VM operation: HandshakeOneThread done
Event: 7.411 loading class java/util/concurrent/locks/AbstractQueuedSynchronizer$ConditionNode
Event: 7.411 loading class java/util/concurrent/ForkJoinPool$ManagedBlocker
Event: 7.411 loading class java/util/concurrent/ForkJoinPool$ManagedBlocker done
Event: 7.411 loading class java/util/concurrent/locks/AbstractQueuedSynchronizer$Node
Event: 7.411 Thread 0x000002a519ba4800 Thread added: 0x000002a519ba4800
Event: 7.411 loading class java/util/concurrent/locks/AbstractQueuedSynchronizer$Node done
Event: 7.411 loading class java/util/concurrent/locks/AbstractQueuedSynchronizer$ConditionNode done
Event: 7.412 Thread 0x000002a515b7d800 Thread added: 0x000002a515b7d800
Event: 7.412 Executing VM operation: HandshakeOneThread
Event: 7.412 Executing VM operation: HandshakeOneThread done
Event: 7.412 Executing VM operation: HandshakeOneThread
Event: 7.413 Executing VM operation: HandshakeOneThread done
Event: 7.413 Thread 0x000002a51afe1800 Thread added: 0x000002a51afe1800
Event: 7.414 loading class java/util/concurrent/locks/AbstractQueuedSynchronizer$ExclusiveNode
Event: 7.414 loading class java/util/concurrent/locks/AbstractQueuedSynchronizer$ExclusiveNode done
Event: 7.430 Executing VM operation: G1Concurrent


Dynamic libraries:
0x00007ff651ce0000 - 0x00007ff651cef000 	C:\Program Files\Java\jdk-14.0.2\bin\java.exe
0x00007ffd561d0000 - 0x00007ffd563c5000 	C:\WINDOWS\SYSTEM32\ntdll.dll
0x00007ffd55f30000 - 0x00007ffd55fed000 	C:\WINDOWS\System32\KERNEL32.DLL
0x00007ffd53910000 - 0x00007ffd53bd8000 	C:\WINDOWS\System32\KERNELBASE.dll
0x00007ffd53cf0000 - 0x00007ffd53df0000 	C:\WINDOWS\System32\ucrtbase.dll
0x00007ffd4bad0000 - 0x00007ffd4bae8000 	C:\Program Files\Java\jdk-14.0.2\bin\jli.dll
0x00007ffd4bc30000 - 0x00007ffd4bc45000 	C:\Program Files\Java\jdk-14.0.2\bin\VCRUNTIME140.dll
0x00007ffd55480000 - 0x00007ffd5552c000 	C:\WINDOWS\System32\ADVAPI32.dll
0x00007ffd553d0000 - 0x00007ffd5546e000 	C:\WINDOWS\System32\msvcrt.dll
0x00007ffd54f50000 - 0x00007ffd54feb000 	C:\WINDOWS\System32\sechost.dll
0x00007ffd54270000 - 0x00007ffd5439b000 	C:\WINDOWS\System32\RPCRT4.dll
0x00007ffd54ff0000 - 0x00007ffd55190000 	C:\WINDOWS\System32\USER32.dll
0x00007ffd54180000 - 0x00007ffd541a2000 	C:\WINDOWS\System32\win32u.dll
0x00007ffd546a0000 - 0x00007ffd546ca000 	C:\WINDOWS\System32\GDI32.dll
0x00007ffd44cc0000 - 0x00007ffd44f5a000 	C:\WINDOWS\WinSxS\amd64_microsoft.windows.common-controls_6595b64144ccf1df_6.0.19041.1052_none_60b8f8fd71f5e8cb\COMCTL32.dll
0x00007ffd53be0000 - 0x00007ffd53ceb000 	C:\WINDOWS\System32\gdi32full.dll
0x00007ffd53e40000 - 0x00007ffd53edd000 	C:\WINDOWS\System32\msvcp_win.dll
0x00007ffd48ed0000 - 0x00007ffd48eda000 	C:\WINDOWS\SYSTEM32\VERSION.dll
0x00007ffd553a0000 - 0x00007ffd553d0000 	C:\WINDOWS\System32\IMM32.DLL
0x00007ffd22e90000 - 0x00007ffd22f2b000 	C:\Program Files\Java\jdk-14.0.2\bin\msvcp140.dll
0x00007ffd15470000 - 0x00007ffd15f8e000 	C:\Program Files\Java\jdk-14.0.2\bin\server\jvm.dll
0x00007ffd546d0000 - 0x00007ffd546d8000 	C:\WINDOWS\System32\PSAPI.DLL
0x00007ffd48d50000 - 0x00007ffd48d77000 	C:\WINDOWS\SYSTEM32\WINMM.dll
0x00007ffd3da30000 - 0x00007ffd3da39000 	C:\WINDOWS\SYSTEM32\WSOCK32.dll
0x00007ffd56000000 - 0x00007ffd5606b000 	C:\WINDOWS\System32\WS2_32.dll
0x00007ffd521b0000 - 0x00007ffd521c2000 	C:\WINDOWS\SYSTEM32\kernel.appcore.dll
0x00007ffd4f1b0000 - 0x00007ffd4f1ba000 	C:\Program Files\Java\jdk-14.0.2\bin\jimage.dll
0x00007ffd45bc0000 - 0x00007ffd45da4000 	C:\WINDOWS\SYSTEM32\DBGHELP.DLL
0x00007ffd43f70000 - 0x00007ffd43f9c000 	C:\WINDOWS\SYSTEM32\dbgcore.DLL
0x00007ffd53f90000 - 0x00007ffd54013000 	C:\WINDOWS\System32\bcryptPrimitives.dll
0x00007ffd44b20000 - 0x00007ffd44b2e000 	C:\Program Files\Java\jdk-14.0.2\bin\instrument.dll
0x00007ffd4b5d0000 - 0x00007ffd4b5f5000 	C:\Program Files\Java\jdk-14.0.2\bin\java.dll
0x00007ffd442e0000 - 0x00007ffd442f6000 	C:\Program Files\Java\jdk-14.0.2\bin\zip.dll
0x00007ffd54810000 - 0x00007ffd54f4f000 	C:\WINDOWS\System32\SHELL32.dll
0x00007ffd51a10000 - 0x00007ffd521a0000 	C:\WINDOWS\SYSTEM32\windows.storage.dll
0x00007ffd55530000 - 0x00007ffd55885000 	C:\WINDOWS\System32\combase.dll
0x00007ffd53350000 - 0x00007ffd5337c000 	C:\WINDOWS\SYSTEM32\Wldp.dll
0x00007ffd545f0000 - 0x00007ffd5469e000 	C:\WINDOWS\System32\SHCORE.dll
0x00007ffd543a0000 - 0x00007ffd543f5000 	C:\WINDOWS\System32\shlwapi.dll
0x00007ffd53820000 - 0x00007ffd5383f000 	C:\WINDOWS\SYSTEM32\profapi.dll
0x00007ffd442c0000 - 0x00007ffd442d9000 	C:\Program Files\Java\jdk-14.0.2\bin\net.dll
0x00007ffd43a00000 - 0x00007ffd43b0b000 	C:\WINDOWS\SYSTEM32\WINHTTP.dll
0x00007ffd530c0000 - 0x00007ffd5312a000 	C:\WINDOWS\system32\mswsock.dll
0x00007ffd43f00000 - 0x00007ffd43f12000 	C:\Program Files\Java\jdk-14.0.2\bin\nio.dll
0x00007ffd2a300000 - 0x00007ffd2a31a000 	C:\Program Files\JetBrains\IntelliJ IDEA 2021.1\bin\breakgen64.dll
0x00007ffd4dc50000 - 0x00007ffd4dc60000 	C:\Program Files\Java\jdk-14.0.2\bin\verify.dll
0x00007ffd53290000 - 0x00007ffd532a8000 	C:\WINDOWS\SYSTEM32\CRYPTSP.dll
0x00007ffd529f0000 - 0x00007ffd52a24000 	C:\WINDOWS\system32\rsaenh.dll
0x00007ffd538e0000 - 0x00007ffd53907000 	C:\WINDOWS\System32\bcrypt.dll
0x00007ffd537a0000 - 0x00007ffd537ce000 	C:\WINDOWS\SYSTEM32\USERENV.dll
0x00007ffd532b0000 - 0x00007ffd532bc000 	C:\WINDOWS\SYSTEM32\CRYPTBASE.dll
0x00007ffd52d60000 - 0x00007ffd52d9b000 	C:\WINDOWS\SYSTEM32\IPHLPAPI.DLL
0x00007ffd55ff0000 - 0x00007ffd55ff8000 	C:\WINDOWS\System32\NSI.dll
0x00007ffd48eb0000 - 0x00007ffd48ec7000 	C:\WINDOWS\SYSTEM32\dhcpcsvc6.DLL
0x00007ffd49740000 - 0x00007ffd4975d000 	C:\WINDOWS\SYSTEM32\dhcpcsvc.DLL
0x00007ffd52db0000 - 0x00007ffd52e7c000 	C:\WINDOWS\SYSTEM32\DNSAPI.dll
0x00007ffd42eb0000 - 0x00007ffd42eba000 	C:\Users\leras\AppData\Local\Temp\jansi-1.17.1-13809462365066699166.dll
0x00007ffd411c0000 - 0x00007ffd411ca000 	C:\Users\leras\AppData\Local\Temp\jansi-1.17.1-3545563190597703899.dll
0x00007ffd52620000 - 0x00007ffd52653000 	C:\WINDOWS\SYSTEM32\ntmarta.dll

dbghelp: loaded successfully - version: 4.0.5 - missing functions: none
symbol engine: initialized successfully - sym options: 0x614 - pdb path: .;C:\Program Files\Java\jdk-14.0.2\bin;C:\WINDOWS\SYSTEM32;C:\WINDOWS\WinSxS\amd64_microsoft.windows.common-controls_6595b64144ccf1df_6.0.19041.1052_none_60b8f8fd71f5e8cb;C:\Program Files\Java\jdk-14.0.2\bin\server;C:\Program Files\JetBrains\IntelliJ IDEA 2021.1\bin;C:\Users\leras\AppData\Local\Temp

VM Arguments:
jvm_args: -Dmaven.multiModuleProjectDirectory=D:\lera\GitHub\Travel-agency -Dmaven.home=C:\Program Files\JetBrains\IntelliJ IDEA 2021.1\plugins\maven\lib\maven3 -Dclassworlds.conf=C:\Program Files\JetBrains\IntelliJ IDEA 2021.1\plugins\maven\lib\maven3\bin\m2.conf -Dmaven.ext.class.path=C:\Program Files\JetBrains\IntelliJ IDEA 2021.1\plugins\maven\lib\maven-event-listener.jar -javaagent:C:\Program Files\JetBrains\IntelliJ IDEA 2021.1\lib\idea_rt.jar=2109:C:\Program Files\JetBrains\IntelliJ IDEA 2021.1\bin -Dfile.encoding=UTF-8 
java_command: org.codehaus.classworlds.Launcher -Didea.version=2021.1.3 clean install
java_class_path (initial): C:\Program Files\JetBrains\IntelliJ IDEA 2021.1\plugins\maven\lib\maven3\boot\plexus-classworlds-2.6.0.jar;C:\Program Files\JetBrains\IntelliJ IDEA 2021.1\plugins\maven\lib\maven3\boot\plexus-classworlds.license
Launcher Type: SUN_STANDARD

[Global flags]
     intx CICompilerCount                          = 4                                         {product} {ergonomic}
     uint ConcGCThreads                            = 2                                         {product} {ergonomic}
     uint G1ConcRefinementThreads                  = 8                                         {product} {ergonomic}
   size_t G1HeapRegionSize                         = 1048576                                   {product} {ergonomic}
    uintx GCDrainStackTargetSize                   = 64                                        {product} {ergonomic}
   size_t InitialHeapSize                          = 134217728                                 {product} {ergonomic}
   size_t MarkStackSize                            = 4194304                                   {product} {ergonomic}
   size_t MaxHeapSize                              = 2118123520                                {product} {ergonomic}
   size_t MaxNewSize                               = 1270874112                                {product} {ergonomic}
   size_t MinHeapDeltaBytes                        = 1048576                                   {product} {ergonomic}
   size_t MinHeapSize                              = 8388608                                   {product} {ergonomic}
    uintx NonNMethodCodeHeapSize                   = 5839372                                {pd product} {ergonomic}
    uintx NonProfiledCodeHeapSize                  = 122909434                              {pd product} {ergonomic}
    uintx ProfiledCodeHeapSize                     = 122909434                              {pd product} {ergonomic}
    uintx ReservedCodeCacheSize                    = 251658240                              {pd product} {ergonomic}
     bool SegmentedCodeCache                       = true                                      {product} {ergonomic}
   size_t SoftMaxHeapSize                          = 2118123520                             {manageable} {ergonomic}
     bool UseCompressedClassPointers               = true                                 {lp64_product} {ergonomic}
     bool UseCompressedOops                        = true                                 {lp64_product} {ergonomic}
     bool UseG1GC                                  = true                                      {product} {ergonomic}
     bool UseLargePagesIndividualAllocation        = false                                  {pd product} {ergonomic}

Logging:
Log output configuration:
 #0: stdout all=warning uptime,level,tags
 #1: stderr all=off uptime,level,tags

Environment Variables:
JAVA_HOME=C:\Program Files\Java\jdk-14.0.2
PATH=C:\Program Files\Common Files\Oracle\Java\javapath;C:\ProgramData\Oracle\Java\javapath;C:\Program Files (x86)\Intel\iCLS Client\;C:\Program Files\Intel\iCLS Client\;C:\WINDOWS\system32;C:\WINDOWS;C:\WINDOWS\System32\Wbem;C:\WINDOWS\System32\WindowsPowerShell\v1.0\;C:\Program Files (x86)\Intel\Intel(R) Management Engine Components\DAL;C:\Program Files\Intel\Intel(R) Management Engine Components\DAL;C:\Program Files (x86)\Intel\Intel(R) Management Engine Components\IPT;C:\Program Files\Intel\Intel(R) Management Engine Components\IPT;C:\Program Files\dotnet\;C:\Program Files\Microsoft SQL Server\130\Tools\Binn\;C:\Program Files\Git\cmd;C:\Program Files\nodejs\;C:\WINDOWS\System32\OpenSSH\;C:\Program Files\Microsoft VS Code\bin;C:\Program Files\Intel\WiFi\bin\;C:\Program Files\Common Files\Intel\WirelessCommon\;C:\Program Files (x86)\Avest\AvPCM_nces;C:\Program Files\Java\jdk-14.0.2\bin;C:\Program Files\Microsoft SQL Server\Client SDK\ODBC\170\Tools\Binn\;C:\Program Files (x86)\Microsoft SQL Server\150\Tools\Binn\;C:\Program Files\Microsoft SQL Server\150\Tools\Binn\;C:\Program Files\Microsoft SQL Server\150\DTS\Binn\;C:\Users\leras\AppData\Roaming\npm\node_modules\angular-cli\bin\ng;C:\Users\leras\.windows-build-tools\python27\;C:\Program Files\nodejs\node_modules\npm\node_modules\npm-lifecycle\node-gyp-bin;C:\Users\leras\AppData\Roaming\npm\node_modules\windows-build-tools\node_modules\.bin;C:\Users\leras\AppData\Roaming\npm\node_modules\.bin;C:\Program Files\Common Files\Oracle\Java\javapath;C:\ProgramData\Oracle\Java\javapath;C:\Program Files (x86)\Intel\iCLS Client\;C:\Program Files\Intel\iCLS Client\;C:\WINDOWS\system32;C:\WINDOWS;C:\WINDOWS\System32\Wbem;C:\WINDOWS\System32\WindowsPowerShell\v1.0\;C:\Program Files (x86)\Intel\Intel(R) Management Engine Components\DAL;C:\Program Files\Intel\Intel(R) Management Engine Components\DAL;C:\Program Files (x86)\Intel\Intel(R) Management Engine Components\IPT;C:\Program Files\Intel\Intel(R) Management Engine Components\
USERNAME=leras
OS=Windows_NT
PROCESSOR_IDENTIFIER=Intel64 Family 6 Model 142 Stepping 10, GenuineIntel



---------------  S Y S T E M  ---------------

OS: Windows 10 , 64 bit Build 19041 (10.0.19041.1023)
OS uptime: 6 days 3:28 hours

CPU:total 8 (initial active 8) (4 cores per cpu, 2 threads per core) family 6 model 142 stepping 10, cmov, cx8, fxsr, mmx, sse, sse2, sse3, ssse3, sse4.1, sse4.2, popcnt, avx, avx2, aes, clmul, erms, 3dnowpref, lzcnt, ht, tsc, tscinvbit, bmi1, bmi2, adx, fma

Memory: 4k page, system-wide physical 8076M (399M free)
TotalPageFile size 17943M (AvailPageFile size 31M)
current process WorkingSet (physical memory assigned to process): 221M, peak: 225M
current process commit charge ("private bytes"): 254M, peak: 281M

vm_info: Java HotSpot(TM) 64-Bit Server VM (14.0.2+12-46) for windows-amd64 JRE (14.0.2+12-46), built on Jul  9 2020 00:35:52 by "mach5one" with MS VC++ 15.9 (VS2017)

END.
